2025-01-25 08:17:03,536 INFO org.hibernate.validator.internal.util.Version [background-preinit] HV000001: Hibernate Validator 8.0.2.Final
2025-01-25 08:17:03,567 INFO org.springframework.boot.StartupInfoLogger [restartedMain] Starting CorrectionTpSpringApplication using Java 17.0.11 with PID 7768 (C:\Workspaces\Stagiaire\correctionTpSpring\target\classes started by Fethi in C:\Workspaces\Stagiaire\correctionTpSpring)
2025-01-25 08:17:03,567 DEBUG org.springframework.boot.StartupInfoLogger [restartedMain] Running with Spring Boot v3.4.2, Spring v6.2.2
2025-01-25 08:17:03,568 INFO org.springframework.boot.SpringApplication [restartedMain] No active profile set, falling back to 1 default profile: "default"
2025-01-25 08:17:03,593 INFO org.springframework.boot.logging.DeferredLog [restartedMain] Devtools property defaults active! Set 'spring.devtools.add-properties' to 'false' to disable
2025-01-25 08:17:03,593 INFO org.springframework.boot.logging.DeferredLog [restartedMain] For additional web related logging consider setting the 'logging.level.web' property to 'DEBUG'
2025-01-25 08:17:04,064 INFO org.springframework.data.repository.config.RepositoryConfigurationDelegate [restartedMain] Bootstrapping Spring Data JPA repositories in DEFAULT mode.
2025-01-25 08:17:04,100 INFO org.springframework.data.repository.config.RepositoryConfigurationDelegate [restartedMain] Finished Spring Data repository scanning in 30 ms. Found 3 JPA repository interfaces.
2025-01-25 08:17:04,385 INFO org.springframework.boot.web.embedded.tomcat.TomcatWebServer [restartedMain] Tomcat initialized with port 8080 (http)
2025-01-25 08:17:04,392 INFO org.apache.juli.logging.DirectJDKLog [restartedMain] Initializing ProtocolHandler ["http-nio-8080"]
2025-01-25 08:17:04,393 INFO org.apache.juli.logging.DirectJDKLog [restartedMain] Starting service [Tomcat]
2025-01-25 08:17:04,393 INFO org.apache.juli.logging.DirectJDKLog [restartedMain] Starting Servlet engine: [Apache Tomcat/10.1.34]
2025-01-25 08:17:04,426 INFO org.apache.juli.logging.DirectJDKLog [restartedMain] Initializing Spring embedded WebApplicationContext
2025-01-25 08:17:04,426 INFO org.springframework.boot.web.servlet.context.ServletWebServerApplicationContext [restartedMain] Root WebApplicationContext: initialization completed in 832 ms
2025-01-25 08:17:04,511 INFO com.zaxxer.hikari.HikariDataSource [restartedMain] HikariPool-1 - Starting...
2025-01-25 08:17:04,616 INFO com.zaxxer.hikari.pool.HikariPool [restartedMain] HikariPool-1 - Added connection org.postgresql.jdbc.PgConnection@5ead6261
2025-01-25 08:17:04,617 INFO com.zaxxer.hikari.HikariDataSource [restartedMain] HikariPool-1 - Start completed.
2025-01-25 08:17:04,712 INFO liquibase.logging.core.JavaLogger [restartedMain] Set default schema name to public
2025-01-25 08:17:04,982 INFO liquibase.logging.core.JavaLogger [restartedMain] Reading from public.databasechangelog
2025-01-25 08:17:05,034 INFO liquibase.logging.core.JavaLogger [restartedMain] Database is up to date, no changesets to execute
2025-01-25 08:17:05,035 INFO liquibase.logging.core.JavaLogger [restartedMain] Reading from public.databasechangelog
2025-01-25 08:17:05,042 INFO liquibase.logging.core.JavaLogger [restartedMain] UPDATE SUMMARY
2025-01-25 08:17:05,042 INFO liquibase.logging.core.JavaLogger [restartedMain] Run:                          0
2025-01-25 08:17:05,042 INFO liquibase.logging.core.JavaLogger [restartedMain] Previously run:              10
2025-01-25 08:17:05,042 INFO liquibase.logging.core.JavaLogger [restartedMain] Filtered out:                 0
2025-01-25 08:17:05,042 INFO liquibase.logging.core.JavaLogger [restartedMain] -------------------------------
2025-01-25 08:17:05,042 INFO liquibase.logging.core.JavaLogger [restartedMain] Total change sets:           10
2025-01-25 08:17:05,043 INFO liquibase.logging.core.JavaLogger [restartedMain] Update summary generated
2025-01-25 08:17:05,043 INFO liquibase.logging.core.JavaLogger [restartedMain] Command execution complete
2025-01-25 08:17:05,563 INFO org.hibernate.jpa.internal.util.LogHelper [restartedMain] HHH000204: Processing PersistenceUnitInfo [name: default]
2025-01-25 08:17:05,607 INFO org.hibernate.Version [restartedMain] HHH000412: Hibernate ORM core version 6.6.5.Final
2025-01-25 08:17:05,630 INFO org.hibernate.cache.internal.RegionFactoryInitiator [restartedMain] HHH000026: Second-level cache disabled
2025-01-25 08:17:05,807 INFO org.springframework.orm.jpa.persistenceunit.SpringPersistenceUnitInfo [restartedMain] No LoadTimeWeaver setup: ignoring JPA class transformer
2025-01-25 08:17:05,843 WARN org.hibernate.engine.jdbc.dialect.internal.DialectFactoryImpl [restartedMain] HHH90000025: PostgreSQLDialect does not need to be specified explicitly using 'hibernate.dialect' (remove the property setting and it will be selected by default)
2025-01-25 08:17:05,854 INFO org.hibernate.engine.jdbc.env.internal.JdbcEnvironmentInitiator [restartedMain] HHH10001005: Database info:
	Database JDBC URL [Connecting through datasource 'HikariDataSource (HikariPool-1)']
	Database driver: undefined/unknown
	Database version: 16.4
	Autocommit mode: undefined/unknown
	Isolation level: undefined/unknown
	Minimum pool size: undefined/unknown
	Maximum pool size: undefined/unknown
2025-01-25 08:17:06,400 INFO org.hibernate.engine.transaction.jta.platform.internal.JtaPlatformInitiator [restartedMain] HHH000489: No JTA platform available (set 'hibernate.transaction.jta.platform' to enable JTA platform integration)
2025-01-25 08:17:06,402 INFO org.springframework.orm.jpa.AbstractEntityManagerFactoryBean [restartedMain] Initialized JPA EntityManagerFactory for persistence unit 'default'
2025-01-25 08:17:06,665 WARN org.springframework.boot.autoconfigure.orm.jpa.JpaBaseConfiguration$JpaWebConfiguration [restartedMain] spring.jpa.open-in-view is enabled by default. Therefore, database queries may be performed during view rendering. Explicitly configure spring.jpa.open-in-view to disable this warning
2025-01-25 08:17:06,894 INFO org.springframework.boot.devtools.autoconfigure.OptionalLiveReloadServer [restartedMain] LiveReload server is running on port 35729
2025-01-25 08:17:06,906 INFO org.apache.juli.logging.DirectJDKLog [restartedMain] Starting ProtocolHandler ["http-nio-8080"]
2025-01-25 08:17:06,917 INFO org.springframework.boot.web.embedded.tomcat.TomcatWebServer [restartedMain] Tomcat started on port 8080 (http) with context path '/'
2025-01-25 08:17:06,924 INFO org.springframework.boot.StartupInfoLogger [restartedMain] Started CorrectionTpSpringApplication in 3.707 seconds (process running for 4.151)
2025-01-25 08:17:49,188 INFO org.apache.juli.logging.DirectJDKLog [http-nio-8080-exec-1] Initializing Spring DispatcherServlet 'dispatcherServlet'
2025-01-25 08:17:49,188 INFO org.springframework.web.servlet.FrameworkServlet [http-nio-8080-exec-1] Initializing Servlet 'dispatcherServlet'
2025-01-25 08:17:49,189 INFO org.springframework.web.servlet.FrameworkServlet [http-nio-8080-exec-1] Completed initialization in 1 ms
2025-01-25 08:17:49,208 INFO fr.benseddik.correctiontpspring.controller.BookController [http-nio-8080-exec-1] Get available books
2025-01-25 08:18:47,378 INFO fr.benseddik.correctiontpspring.controller.BookController [http-nio-8080-exec-2] Getting book by uuid: f28b1cbc-243a-42c7-8e12-531f753085dc
2025-01-25 08:19:20,286 INFO fr.benseddik.correctiontpspring.controller.UserController [http-nio-8080-exec-4] get all users
2025-01-25 08:19:46,885 INFO fr.benseddik.correctiontpspring.controller.UserController [http-nio-8080-exec-5] get user by uuid: 1b17a065-a990-4262-b95b-6fc33e474fd7
2025-01-25 08:20:29,208 INFO org.springframework.boot.web.embedded.tomcat.GracefulShutdown [SpringApplicationShutdownHook] Commencing graceful shutdown. Waiting for active requests to complete
2025-01-25 08:20:29,252 INFO org.springframework.boot.web.embedded.tomcat.GracefulShutdown [tomcat-shutdown] Graceful shutdown complete
2025-01-25 08:20:29,255 INFO org.springframework.orm.jpa.AbstractEntityManagerFactoryBean [SpringApplicationShutdownHook] Closing JPA EntityManagerFactory for persistence unit 'default'
2025-01-25 08:20:29,256 INFO com.zaxxer.hikari.HikariDataSource [SpringApplicationShutdownHook] HikariPool-1 - Shutdown initiated...
2025-01-25 08:20:29,258 INFO com.zaxxer.hikari.HikariDataSource [SpringApplicationShutdownHook] HikariPool-1 - Shutdown completed.
